[22:33:49.790] Global cache location '/home/lenovo/.cache/typescript/4.6', safe file path '/home/lenovo/.npm-global/lib/node_modules/typescript/lib/typingSafeList.json', types map path /home/lenovo/.npm-global/lib/node_modules/typescript/lib/typesMap.json
[22:33:49.791] Processing cache location '/home/lenovo/.cache/typescript/4.6'
[22:33:49.791] Trying to find '/home/lenovo/.cache/typescript/4.6/package.json'...
[22:33:49.792] Loaded content of '/home/lenovo/.cache/typescript/4.6/package.json': {"private":true,"dependencies":{"types-registry":"^0.1.595"},"devDependencies":{"@types/app-module-path":"^2.2.0","@types/async":"^3.2.13","@types/babel-core":"^6.25.7","@types/babel__core":"^7.1.19","@types/babel__plugin-transform-runtime":"^7.9.2","@types/babel__preset-env":"^7.9.2","@types/bluebird":"^3.5.36","@types/chai":"^4.3.1","@types/chai-as-promised":"^7.1.5","@types/core-js":"^2.5.5","@types/crypto-js":"^4.1.1","@types/elasticsearch":"^5.0.40","@types/eslint":"^8.4.2","@types/file-loader":"^5.0.1","@types/friendly-errors-webpack-plugin":"^0.1.4","@types/highlight-words-core":"^1.2.1","@types/html-webpack-plugin":"^3.2.6","@types/ioredis":"^4.28.10","@types/is-string":"^1.0.0","@types/jest":"^27.4.1","@types/jsdom":"^16.2.14","@types/jsdom-global":"^3.0.2","@types/json2csv":"^5.0.3","@types/jsonwebtoken":"^8.5.8","@types/koa":"^2.13.4","@types/koa-better-body":"^3.3.3","@types/koa-compose":"^3.2.5","@types/koa-helmet":"^6.0.4","@types/koa-json":"^2.0.20","@types/koa-passport":"^4.0.3","@types/koa-ratelimit":"^4.2.4","@types/koa-router":"^7.4.4","@types/koa-send":"^4.1.3","@types/koa-static":"^4.0.2","@types/koa-webpack":"^6.0.5","@types/koa__cors":"^3.3.0","@types/lodash":"^4.14.182","@types/mime-types":"^2.1.1","@types/mocha":"^9.1.1","@types/nconf":"^0.10.2","@types/node-sass":"^4.11.2","@types/nodemailer":"^6.4.4","@types/nodemailer-ses-transport":"^1.5.2","@types/nodemon":"^1.19.1","@types/npm":"^7.19.0","@types/optimize-css-assets-webpack-plugin":"^5.0.5","@types/pako":"^2.0.0","@types/passport-saml":"^1.1.3","@types/postcss-import":"^14.0.0","@types/postcss-preset-env":"^6.7.3","@types/randomcolor":"^0.5.6","@types/reach__router":"^1.3.10","@types/react":"^17.0.43","@types/react-dom":"^17.0.13","@types/react-fontawesome":"^1.6.5","@types/sass-loader":"^8.0.3","@types/sequelize":"^4.28.13","@types/serve-static":"^1.13.10","@types/server":"^1.0.5","@types/shelljs":"^0.8.11","@types/sinon":"^10.0.11","@types/styled-components":"^5.1.24","@types/uuid":"^8.3.4","@types/validator":"^13.7.1","@types/verror":"^1.10.5","@types/webpack":"^5.28.0","@types/webpack-bundle-analyzer":"^4.4.1","@types/webpack-hot-middleware":"^2.25.6","@types/webpack-node-externals":"^2.5.3"}}
[22:33:49.792] Loaded content of '/home/lenovo/.cache/typescript/4.6/package-lock.json'
[22:33:49.799] Adding entry into typings cache: 'app-module-path' => '/home/lenovo/.cache/typescript/4.6/node_modules/@types/app-module-path/index.d.ts'
[22:33:49.801] Adding entry into typings cache: 'async' => '/home/lenovo/.cache/typescript/4.6/node_modules/@types/async/index.d.ts'
[22:33:49.803] Adding entry into typings cache: 'babel-core' => '/home/lenovo/.cache/typescript/4.6/node_modules/@types/babel-core/index.d.ts'
[22:33:49.806] Adding entry into typings cache: 'babel__core' => '/home/lenovo/.cache/typescript/4.6/node_modules/@types/babel__core/index.d.ts'
[22:33:49.808] Adding entry into typings cache: 'babel__plugin-transform-runtime' => '/home/lenovo/.cache/typescript/4.6/node_modules/@types/babel__plugin-transform-runtime/index.d.ts'
[22:33:49.809] Adding entry into typings cache: 'babel__preset-env' => '/home/lenovo/.cache/typescript/4.6/node_modules/@types/babel__preset-env/index.d.ts'
[22:33:49.811] Adding entry into typings cache: 'bluebird' => '/home/lenovo/.cache/typescript/4.6/node_modules/@types/bluebird/index.d.ts'
[22:33:49.814] Adding entry into typings cache: 'chai' => '/home/lenovo/.cache/typescript/4.6/node_modules/@types/chai/index.d.ts'
[22:33:49.816] Adding entry into typings cache: 'chai-as-promised' => '/home/lenovo/.cache/typescript/4.6/node_modules/@types/chai-as-promised/index.d.ts'
[22:33:49.819] Adding entry into typings cache: 'core-js' => '/home/lenovo/.cache/typescript/4.6/node_modules/@types/core-js/index.d.ts'
[22:33:49.820] Adding entry into typings cache: 'crypto-js' => '/home/lenovo/.cache/typescript/4.6/node_modules/@types/crypto-js/index.d.ts'
[22:33:49.822] Adding entry into typings cache: 'elasticsearch' => '/home/lenovo/.cache/typescript/4.6/node_modules/@types/elasticsearch/index.d.ts'
[22:33:49.824] Adding entry into typings cache: 'eslint' => '/home/lenovo/.cache/typescript/4.6/node_modules/@types/eslint/index.d.ts'
[22:33:49.825] Adding entry into typings cache: 'file-loader' => '/home/lenovo/.cache/typescript/4.6/node_modules/@types/file-loader/index.d.ts'
[22:33:49.826] Adding entry into typings cache: 'friendly-errors-webpack-plugin' => '/home/lenovo/.cache/typescript/4.6/node_modules/@types/friendly-errors-webpack-plugin/index.d.ts'
[22:33:49.827] Adding entry into typings cache: 'highlight-words-core' => '/home/lenovo/.cache/typescript/4.6/node_modules/@types/highlight-words-core/index.d.ts'
[22:33:49.829] Adding entry into typings cache: 'html-webpack-plugin' => '/home/lenovo/.cache/typescript/4.6/node_modules/@types/html-webpack-plugin/index.d.ts'
[22:33:49.831] Adding entry into typings cache: 'ioredis' => '/home/lenovo/.cache/typescript/4.6/node_modules/@types/ioredis/index.d.ts'
[22:33:49.832] Adding entry into typings cache: 'is-string' => '/home/lenovo/.cache/typescript/4.6/node_modules/@types/is-string/index.d.ts'
[22:33:49.834] Adding entry into typings cache: 'jest' => '/home/lenovo/.cache/typescript/4.6/node_modules/@types/jest/index.d.ts'
[22:33:49.835] Adding entry into typings cache: 'jsdom' => '/home/lenovo/.cache/typescript/4.6/node_modules/@types/jsdom/index.d.ts'
[22:33:49.837] Adding entry into typings cache: 'jsdom-global' => '/home/lenovo/.cache/typescript/4.6/node_modules/@types/jsdom-global/index.d.ts'
[22:33:49.838] Adding entry into typings cache: 'json2csv' => '/home/lenovo/.cache/typescript/4.6/node_modules/@types/json2csv/index.d.ts'
[22:33:49.840] Adding entry into typings cache: 'jsonwebtoken' => '/home/lenovo/.cache/typescript/4.6/node_modules/@types/jsonwebtoken/index.d.ts'
[22:33:49.842] Adding entry into typings cache: 'koa' => '/home/lenovo/.cache/typescript/4.6/node_modules/@types/koa/index.d.ts'
[22:33:49.843] Adding entry into typings cache: 'koa-better-body' => '/home/lenovo/.cache/typescript/4.6/node_modules/@types/koa-better-body/index.d.ts'
[22:33:49.844] Adding entry into typings cache: 'koa-compose' => '/home/lenovo/.cache/typescript/4.6/node_modules/@types/koa-compose/index.d.ts'
[22:33:49.846] Adding entry into typings cache: 'koa-helmet' => '/home/lenovo/.cache/typescript/4.6/node_modules/@types/koa-helmet/index.d.ts'
[22:33:49.847] Adding entry into typings cache: 'koa-json' => '/home/lenovo/.cache/typescript/4.6/node_modules/@types/koa-json/index.d.ts'
[22:33:49.849] Adding entry into typings cache: 'koa-passport' => '/home/lenovo/.cache/typescript/4.6/node_modules/@types/koa-passport/index.d.ts'
[22:33:49.850] Adding entry into typings cache: 'koa-ratelimit' => '/home/lenovo/.cache/typescript/4.6/node_modules/@types/koa-ratelimit/index.d.ts'
[22:33:49.852] Adding entry into typings cache: 'koa-router' => '/home/lenovo/.cache/typescript/4.6/node_modules/@types/koa-router/index.d.ts'
[22:33:49.854] Adding entry into typings cache: 'koa-send' => '/home/lenovo/.cache/typescript/4.6/node_modules/@types/koa-send/index.d.ts'
[22:33:49.855] Adding entry into typings cache: 'koa-static' => '/home/lenovo/.cache/typescript/4.6/node_modules/@types/koa-static/index.d.ts'
[22:33:49.856] Adding entry into typings cache: 'koa-webpack' => '/home/lenovo/.cache/typescript/4.6/node_modules/@types/koa-webpack/index.d.ts'
[22:33:49.858] Adding entry into typings cache: 'koa__cors' => '/home/lenovo/.cache/typescript/4.6/node_modules/@types/koa__cors/index.d.ts'
[22:33:49.859] Adding entry into typings cache: 'lodash' => '/home/lenovo/.cache/typescript/4.6/node_modules/@types/lodash/index.d.ts'
[22:33:49.862] Adding entry into typings cache: 'mime-types' => '/home/lenovo/.cache/typescript/4.6/node_modules/@types/mime-types/index.d.ts'
[22:33:49.864] Adding entry into typings cache: 'mocha' => '/home/lenovo/.cache/typescript/4.6/node_modules/@types/mocha/index.d.ts'
[22:33:49.865] Adding entry into typings cache: 'nconf' => '/home/lenovo/.cache/typescript/4.6/node_modules/@types/nconf/index.d.ts'
[22:33:49.866] Adding entry into typings cache: 'node-sass' => '/home/lenovo/.cache/typescript/4.6/node_modules/@types/node-sass/index.d.ts'
[22:33:49.867] Adding entry into typings cache: 'nodemailer' => '/home/lenovo/.cache/typescript/4.6/node_modules/@types/nodemailer/index.d.ts'
[22:33:49.868] Adding entry into typings cache: 'nodemailer-ses-transport' => '/home/lenovo/.cache/typescript/4.6/node_modules/@types/nodemailer-ses-transport/index.d.ts'
[22:33:49.868] Adding entry into typings cache: 'nodemon' => '/home/lenovo/.cache/typescript/4.6/node_modules/@types/nodemon/index.d.ts'
[22:33:49.869] Adding entry into typings cache: 'npm' => '/home/lenovo/.cache/typescript/4.6/node_modules/@types/npm/index.d.ts'
[22:33:49.870] Adding entry into typings cache: 'optimize-css-assets-webpack-plugin' => '/home/lenovo/.cache/typescript/4.6/node_modules/@types/optimize-css-assets-webpack-plugin/index.d.ts'
[22:33:49.871] Adding entry into typings cache: 'pako' => '/home/lenovo/.cache/typescript/4.6/node_modules/@types/pako/index.d.ts'
[22:33:49.872] Adding entry into typings cache: 'passport-saml' => '/home/lenovo/.cache/typescript/4.6/node_modules/@types/passport-saml/index.d.ts'
[22:33:49.872] Adding entry into typings cache: 'postcss-import' => '/home/lenovo/.cache/typescript/4.6/node_modules/@types/postcss-import/index.d.ts'
[22:33:49.873] Adding entry into typings cache: 'postcss-preset-env' => '/home/lenovo/.cache/typescript/4.6/node_modules/@types/postcss-preset-env/index.d.ts'
[22:33:49.875] Adding entry into typings cache: 'randomcolor' => '/home/lenovo/.cache/typescript/4.6/node_modules/@types/randomcolor/index.d.ts'
[22:33:49.876] Adding entry into typings cache: 'reach__router' => '/home/lenovo/.cache/typescript/4.6/node_modules/@types/reach__router/index.d.ts'
[22:33:49.878] Adding entry into typings cache: 'react' => '/home/lenovo/.cache/typescript/4.6/node_modules/@types/react/index.d.ts'
[22:33:49.879] Adding entry into typings cache: 'react-dom' => '/home/lenovo/.cache/typescript/4.6/node_modules/@types/react-dom/index.d.ts'
[22:33:49.880] Adding entry into typings cache: 'react-fontawesome' => '/home/lenovo/.cache/typescript/4.6/node_modules/@types/react-fontawesome/index.d.ts'
[22:33:49.880] Adding entry into typings cache: 'sass-loader' => '/home/lenovo/.cache/typescript/4.6/node_modules/@types/sass-loader/index.d.ts'
[22:33:49.883] Adding entry into typings cache: 'sequelize' => '/home/lenovo/.cache/typescript/4.6/node_modules/@types/sequelize/index.d.ts'
[22:33:49.884] Adding entry into typings cache: 'serve-static' => '/home/lenovo/.cache/typescript/4.6/node_modules/@types/serve-static/index.d.ts'
[22:33:49.886] Adding entry into typings cache: 'server' => '/home/lenovo/.cache/typescript/4.6/node_modules/@types/server/index.d.ts'
[22:33:49.887] Adding entry into typings cache: 'shelljs' => '/home/lenovo/.cache/typescript/4.6/node_modules/@types/shelljs/index.d.ts'
[22:33:49.888] Adding entry into typings cache: 'sinon' => '/home/lenovo/.cache/typescript/4.6/node_modules/@types/sinon/index.d.ts'
[22:33:49.890] Adding entry into typings cache: 'styled-components' => '/home/lenovo/.cache/typescript/4.6/node_modules/@types/styled-components/index.d.ts'
[22:33:49.891] Adding entry into typings cache: 'uuid' => '/home/lenovo/.cache/typescript/4.6/node_modules/@types/uuid/index.d.ts'
[22:33:49.892] Adding entry into typings cache: 'validator' => '/home/lenovo/.cache/typescript/4.6/node_modules/@types/validator/index.d.ts'
[22:33:49.893] Adding entry into typings cache: 'verror' => '/home/lenovo/.cache/typescript/4.6/node_modules/@types/verror/index.d.ts'
[22:33:49.896] Adding entry into typings cache: 'webpack' => '/home/lenovo/.cache/typescript/4.6/node_modules/webpack/types.d.ts'
[22:33:49.897] Adding entry into typings cache: 'webpack-bundle-analyzer' => '/home/lenovo/.cache/typescript/4.6/node_modules/@types/webpack-bundle-analyzer/index.d.ts'
[22:33:49.898] Adding entry into typings cache: 'webpack-hot-middleware' => '/home/lenovo/.cache/typescript/4.6/node_modules/@types/webpack-hot-middleware/index.d.ts'
[22:33:49.899] Adding entry into typings cache: 'webpack-node-externals' => '/home/lenovo/.cache/typescript/4.6/node_modules/@types/webpack-node-externals/index.d.ts'
[22:33:49.899] Finished processing cache location '/home/lenovo/.cache/typescript/4.6'
[22:33:49.900] Process id: 4024852
[22:33:49.900] NPM location: /usr/local/bin/npm (explicit '--npmLocation' not  provided)
[22:33:49.900] validateDefaultNpmLocation: false
[22:33:49.900] Npm config file: /home/lenovo/.cache/typescript/4.6/package.json
[22:33:49.900] Updating types-registry npm package...
[22:33:49.900] Exec: /usr/local/bin/npm install --ignore-scripts types-registry@latest
[22:33:51.954]     Succeeded. stdout:
    + types-registry@0.1.596
    updated 1 package and audited 254 packages in 1.571s

16 packages are looking for funding
  run `npm fund` for details

found 0 vulnerabilities


[22:33:51.954] Updated types-registry npm package
[22:33:51.969] Got install request {"projectName":"/dev/null/inferredProject1*","fileNames":["/home/lenovo/.npm-global/lib/node_modules/typescript/lib/lib.es5.d.ts","/home/lenovo/.npm-global/lib/node_modules/typescript/lib/lib.es2015.d.ts","/home/lenovo/.npm-global/lib/node_modules/typescript/lib/lib.es2016.d.ts","/home/lenovo/.npm-global/lib/node_modules/typescript/lib/lib.dom.d.ts","/home/lenovo/.npm-global/lib/node_modules/typescript/lib/lib.dom.iterable.d.ts","/home/lenovo/.npm-global/lib/node_modules/typescript/lib/lib.webworker.importscripts.d.ts","/home/lenovo/.npm-global/lib/node_modules/typescript/lib/lib.scripthost.d.ts","/home/lenovo/.npm-global/lib/node_modules/typescript/lib/lib.es2015.core.d.ts","/home/lenovo/.npm-global/lib/node_modules/typescript/lib/lib.es2015.collection.d.ts","/home/lenovo/.npm-global/lib/node_modules/typescript/lib/lib.es2015.generator.d.ts","/home/lenovo/.npm-global/lib/node_modules/typescript/lib/lib.es2015.iterable.d.ts","/home/lenovo/.npm-global/lib/node_modules/typescript/lib/lib.es2015.promise.d.ts","/home/lenovo/.npm-global/lib/node_modules/typescript/lib/lib.es2015.proxy.d.ts","/home/lenovo/.npm-global/lib/node_modules/typescript/lib/lib.es2015.reflect.d.ts","/home/lenovo/.npm-global/lib/node_modules/typescript/lib/lib.es2015.symbol.d.ts","/home/lenovo/.npm-global/lib/node_modules/typescript/lib/lib.es2015.symbol.wellknown.d.ts","/home/lenovo/.npm-global/lib/node_modules/typescript/lib/lib.es2016.array.include.d.ts","/home/lenovo/.npm-global/lib/node_modules/typescript/lib/lib.es2016.full.d.ts","/home/lenovo/Playground/interviewbit-concepts/Try-Your-Code/zAlgorithm.js"],"compilerOptions":{"module":1,"target":3,"jsx":1,"allowJs":true,"allowSyntheticDefaultImports":true,"allowNonTsExtensions":true,"noEmitForJsFiles":true,"maxNodeModuleJsDepth":2},"typeAcquisition":{"enable":true,"include":[],"exclude":[]},"unresolvedImports":[],"projectRootPath":"/home/lenovo/Playground/interviewbit-concepts/Try-Your-Code","kind":"discover"}
[22:33:51.976] Loaded safelist from types map file '/home/lenovo/.npm-global/lib/node_modules/typescript/lib/typesMap.json'
[22:33:51.976] Explicitly included types: []
[22:33:51.977] Inferred typings from unresolved imports: []
[22:33:51.977] Result: {"cachedTypingPaths":[],"newTypingNames":[],"filesToWatch":["/home/lenovo/Playground/interviewbit-concepts/Try-Your-Code/bower_components","/home/lenovo/Playground/interviewbit-concepts/Try-Your-Code/node_modules"]}
[22:33:51.977] Finished typings discovery: {"cachedTypingPaths":[],"newTypingNames":[],"filesToWatch":["/home/lenovo/Playground/interviewbit-concepts/Try-Your-Code/bower_components","/home/lenovo/Playground/interviewbit-concepts/Try-Your-Code/node_modules"]}
[22:33:51.977] DirectoryWatcher:: Added:: WatchInfo: /home/lenovo/Playground/interviewbit-concepts/Try-Your-Code/bower_components
[22:33:51.977] DirectoryWatcher:: Added:: WatchInfo: /home/lenovo/Playground/interviewbit-concepts/Try-Your-Code/bower_components 1 undefined Project: /dev/null/inferredProject1* watcher already invoked: false
[22:33:51.978] Elapsed:: 1.0604269802570343ms DirectoryWatcher:: Added:: WatchInfo: /home/lenovo/Playground/interviewbit-concepts/Try-Your-Code/bower_components 1 undefined Project: /dev/null/inferredProject1* watcher already invoked: false
[22:33:51.979] DirectoryWatcher:: Added:: WatchInfo: /home/lenovo/Playground/interviewbit-concepts/Try-Your-Code/node_modules
[22:33:51.979] DirectoryWatcher:: Added:: WatchInfo: /home/lenovo/Playground/interviewbit-concepts/Try-Your-Code/node_modules 1 undefined Project: /dev/null/inferredProject1* watcher already invoked: false
[22:33:51.979] Elapsed:: 0.07077100872993469ms DirectoryWatcher:: Added:: WatchInfo: /home/lenovo/Playground/interviewbit-concepts/Try-Your-Code/node_modules 1 undefined Project: /dev/null/inferredProject1* watcher already invoked: false
[22:33:51.979] Sending response:
    {"projectName":"/dev/null/inferredProject1*","typeAcquisition":{"enable":true,"include":[],"exclude":[]},"compilerOptions":{"module":1,"target":3,"jsx":1,"allowJs":true,"allowSyntheticDefaultImports":true,"allowNonTsExtensions":true,"noEmitForJsFiles":true,"maxNodeModuleJsDepth":2},"typings":[],"unresolvedImports":[],"kind":"action::set"}
[22:33:51.979] Response has been sent.
[22:33:51.979] No new typings were requested as a result of typings discovery
[22:33:59.517] Got install request {"projectName":"/dev/null/inferredProject1*","fileNames":["/home/lenovo/.npm-global/lib/node_modules/typescript/lib/lib.es5.d.ts","/home/lenovo/.npm-global/lib/node_modules/typescript/lib/lib.es2015.d.ts","/home/lenovo/.npm-global/lib/node_modules/typescript/lib/lib.es2016.d.ts","/home/lenovo/.npm-global/lib/node_modules/typescript/lib/lib.dom.d.ts","/home/lenovo/.npm-global/lib/node_modules/typescript/lib/lib.dom.iterable.d.ts","/home/lenovo/.npm-global/lib/node_modules/typescript/lib/lib.webworker.importscripts.d.ts","/home/lenovo/.npm-global/lib/node_modules/typescript/lib/lib.scripthost.d.ts","/home/lenovo/.npm-global/lib/node_modules/typescript/lib/lib.es2015.core.d.ts","/home/lenovo/.npm-global/lib/node_modules/typescript/lib/lib.es2015.collection.d.ts","/home/lenovo/.npm-global/lib/node_modules/typescript/lib/lib.es2015.generator.d.ts","/home/lenovo/.npm-global/lib/node_modules/typescript/lib/lib.es2015.iterable.d.ts","/home/lenovo/.npm-global/lib/node_modules/typescript/lib/lib.es2015.promise.d.ts","/home/lenovo/.npm-global/lib/node_modules/typescript/lib/lib.es2015.proxy.d.ts","/home/lenovo/.npm-global/lib/node_modules/typescript/lib/lib.es2015.reflect.d.ts","/home/lenovo/.npm-global/lib/node_modules/typescript/lib/lib.es2015.symbol.d.ts","/home/lenovo/.npm-global/lib/node_modules/typescript/lib/lib.es2015.symbol.wellknown.d.ts","/home/lenovo/.npm-global/lib/node_modules/typescript/lib/lib.es2016.array.include.d.ts","/home/lenovo/.npm-global/lib/node_modules/typescript/lib/lib.es2016.full.d.ts","/home/lenovo/Playground/interviewbit-concepts/Try-Your-Code/zAlgorithm.js"],"compilerOptions":{"module":1,"target":3,"jsx":1,"allowJs":true,"allowSyntheticDefaultImports":true,"allowNonTsExtensions":true,"noEmitForJsFiles":true,"maxNodeModuleJsDepth":2},"typeAcquisition":{"enable":true,"include":[],"exclude":[]},"projectRootPath":"/home/lenovo/Playground/interviewbit-concepts/Try-Your-Code","kind":"discover"}
[22:33:59.517] Explicitly included types: []
[22:33:59.517] Result: {"cachedTypingPaths":[],"newTypingNames":[],"filesToWatch":["/home/lenovo/Playground/interviewbit-concepts/Try-Your-Code/bower_components","/home/lenovo/Playground/interviewbit-concepts/Try-Your-Code/node_modules"]}
[22:33:59.518] Finished typings discovery: {"cachedTypingPaths":[],"newTypingNames":[],"filesToWatch":["/home/lenovo/Playground/interviewbit-concepts/Try-Your-Code/bower_components","/home/lenovo/Playground/interviewbit-concepts/Try-Your-Code/node_modules"]}
[22:33:59.518] Sending response:
    {"projectName":"/dev/null/inferredProject1*","typeAcquisition":{"enable":true,"include":[],"exclude":[]},"compilerOptions":{"module":1,"target":3,"jsx":1,"allowJs":true,"allowSyntheticDefaultImports":true,"allowNonTsExtensions":true,"noEmitForJsFiles":true,"maxNodeModuleJsDepth":2},"typings":[],"kind":"action::set"}
[22:33:59.518] Response has been sent.
[22:33:59.518] No new typings were requested as a result of typings discovery
